10-Feb-2022 07:59:50.691 INFO [main] org.apache.catalina.startup.VersionLoggerListener.log Server version:        Apache Tomcat/8.5.43
10-Feb-2022 07:59:50.750 INFO [main] org.apache.catalina.startup.VersionLoggerListener.log Server built:          Jul 4 2019 20:53:15 UTC
10-Feb-2022 07:59:50.761 INFO [main] org.apache.catalina.startup.VersionLoggerListener.log Server number:         8.5.43.0
10-Feb-2022 07:59:50.761 INFO [main] org.apache.catalina.startup.VersionLoggerListener.log OS Name:               Linux
10-Feb-2022 07:59:50.808 INFO [main] org.apache.catalina.startup.VersionLoggerListener.log OS Version:            5.4.0-99-generic
10-Feb-2022 07:59:50.812 INFO [main] org.apache.catalina.startup.VersionLoggerListener.log Architecture:          amd64
10-Feb-2022 07:59:50.812 INFO [main] org.apache.catalina.startup.VersionLoggerListener.log Java Home:             /usr/java/jdk-11.0.1
10-Feb-2022 07:59:50.852 INFO [main] org.apache.catalina.startup.VersionLoggerListener.log JVM Version:           11.0.1+13
10-Feb-2022 07:59:50.852 INFO [main] org.apache.catalina.startup.VersionLoggerListener.log JVM Vendor:            Oracle Corporation
10-Feb-2022 07:59:50.852 INFO [main] org.apache.catalina.startup.VersionLoggerListener.log CATALINA_BASE:         /usr/local/tomcat
10-Feb-2022 07:59:50.852 INFO [main] org.apache.catalina.startup.VersionLoggerListener.log CATALINA_HOME:         /usr/local/tomcat
10-Feb-2022 07:59:50.853 INFO [main] org.apache.catalina.startup.VersionLoggerListener.log Command line argument: --add-opens=java.base/java.lang=ALL-UNNAMED
10-Feb-2022 07:59:50.853 INFO [main] org.apache.catalina.startup.VersionLoggerListener.log Command line argument: --add-opens=java.base/java.io=ALL-UNNAMED
10-Feb-2022 07:59:50.854 INFO [main] org.apache.catalina.startup.VersionLoggerListener.log Command line argument: --add-opens=java.rmi/sun.rmi.transport=ALL-UNNAMED
10-Feb-2022 07:59:50.854 INFO [main] org.apache.catalina.startup.VersionLoggerListener.log Command line argument: -Djava.util.logging.config.file=/usr/local/tomcat/conf/logging.properties
10-Feb-2022 07:59:50.854 INFO [main] org.apache.catalina.startup.VersionLoggerListener.log Command line argument: -Djava.util.logging.manager=org.apache.juli.ClassLoaderLogManager
10-Feb-2022 07:59:50.854 INFO [main] org.apache.catalina.startup.VersionLoggerListener.log Command line argument: -Xms1488m
10-Feb-2022 07:59:50.855 INFO [main] org.apache.catalina.startup.VersionLoggerListener.log Command line argument: -Xmx1488m
10-Feb-2022 07:59:50.855 INFO [main] org.apache.catalina.startup.VersionLoggerListener.log Command line argument: -Dalfresco.context=alfresco
10-Feb-2022 07:59:50.856 INFO [main] org.apache.catalina.startup.VersionLoggerListener.log Command line argument: -Dalfresco.protocol=http
10-Feb-2022 07:59:50.856 INFO [main] org.apache.catalina.startup.VersionLoggerListener.log Command line argument: -Djdk.tls.ephemeralDHKeySize=2048
10-Feb-2022 07:59:50.856 INFO [main] org.apache.catalina.startup.VersionLoggerListener.log Command line argument: -Djava.protocol.handler.pkgs=org.apache.catalina.webresources
10-Feb-2022 07:59:50.856 INFO [main] org.apache.catalina.startup.VersionLoggerListener.log Command line argument: -Dorg.apache.catalina.security.SecurityListener.UMASK=0027
10-Feb-2022 07:59:50.856 INFO [main] org.apache.catalina.startup.VersionLoggerListener.log Command line argument: -Dignore.endorsed.dirs=
10-Feb-2022 07:59:50.856 INFO [main] org.apache.catalina.startup.VersionLoggerListener.log Command line argument: -Dcatalina.base=/usr/local/tomcat
10-Feb-2022 07:59:50.857 INFO [main] org.apache.catalina.startup.VersionLoggerListener.log Command line argument: -Dcatalina.home=/usr/local/tomcat
10-Feb-2022 07:59:50.857 INFO [main] org.apache.catalina.startup.VersionLoggerListener.log Command line argument: -Djava.io.tmpdir=/usr/local/tomcat/temp
10-Feb-2022 07:59:50.857 INFO [main] org.apache.catalina.core.AprLifecycleListener.lifecycleEvent Loaded APR based Apache Tomcat Native library [1.2.23] using APR version [1.4.8].
10-Feb-2022 07:59:50.857 INFO [main] org.apache.catalina.core.AprLifecycleListener.lifecycleEvent APR capabilities: IPv6 [true], sendfile [true], accept filters [false], random [true].
10-Feb-2022 07:59:50.857 INFO [main] org.apache.catalina.core.AprLifecycleListener.lifecycleEvent APR/OpenSSL configuration: useAprConnector [false], useOpenSSL [true]
10-Feb-2022 07:59:50.897 INFO [main] org.apache.catalina.core.AprLifecycleListener.initializeSSL OpenSSL successfully initialized [OpenSSL 1.0.2k-fips  26 Jan 2017]
10-Feb-2022 07:59:51.135 INFO [main] org.apache.coyote.AbstractProtocol.init Initializing ProtocolHandler ["http-nio-8080"]
10-Feb-2022 07:59:51.192 INFO [main] org.apache.tomcat.util.net.NioSelectorPool.getSharedSelector Using a shared selector for servlet write/read
10-Feb-2022 07:59:51.234 INFO [main] org.apache.coyote.AbstractProtocol.init Initializing ProtocolHandler ["ajp-nio-8009"]
10-Feb-2022 07:59:51.237 INFO [main] org.apache.tomcat.util.net.NioSelectorPool.getSharedSelector Using a shared selector for servlet write/read
10-Feb-2022 07:59:51.245 INFO [main] org.apache.catalina.startup.Catalina.load Initialization processed in 3321 ms
10-Feb-2022 07:59:51.621 INFO [main] org.apache.catalina.core.StandardService.startInternal Starting service [Catalina]
10-Feb-2022 07:59:51.622 INFO [main] org.apache.catalina.core.StandardEngine.startInternal Starting Servlet Engine: Apache Tomcat/8.5.43
10-Feb-2022 07:59:51.663 INFO [localhost-startStop-1] org.apache.catalina.startup.HostConfig.deployDirectory Deploying web application directory [/usr/local/tomcat/webapps/share]
10-Feb-2022 08:00:07.912 INFO [localhost-startStop-1] org.apache.jasper.servlet.TldScanner.scanJars At least one JAR was scanned for TLDs yet contained no TLDs. Enable debug logging for this logger for a complete list of JARs that were scanned but no TLDs were found in them. Skipping unneeded JARs during scanning can improve startup time and JSP compilation time.
10-Feb-2022 08:00:21.226 INFO [localhost-startStop-1] org.apache.catalina.startup.HostConfig.deployDirectory Deployment of web application directory [/usr/local/tomcat/webapps/share] has finished in [29,560] ms
10-Feb-2022 08:00:21.234 INFO [main] org.apache.coyote.AbstractProtocol.start Starting ProtocolHandler ["http-nio-8080"]
10-Feb-2022 08:00:21.293 INFO [main] org.apache.coyote.AbstractProtocol.start Starting ProtocolHandler ["ajp-nio-8009"]
10-Feb-2022 08:00:21.329 INFO [main] org.apache.catalina.startup.Catalina.start Server startup in 30084 ms
