2022-02-14 09:40:00,626 WARN  [org.alfresco.heartbeat.datasender.HBDataSenderServiceBuilder] [localhost-startStop-1] Setting the Heartbeat sender cron with property 'heartbeat.sender.cronExpression' is no longer supported.
2022-02-14 09:40:00,838 INFO  [org.alfresco.repo.domain.schema.SchemaBootstrap] [localhost-startStop-1] Ignoring script patch (post-Hibernate): patch.db-V4.2-metadata-query-indexes
2022-02-14 09:40:00,839 INFO  [org.alfresco.repo.domain.schema.SchemaBootstrap] [localhost-startStop-1] Ignoring script patch (post-Hibernate): patch.db-V5.1-metadata-query-indexes
2022-02-14 09:40:00,839 INFO  [org.alfresco.repo.domain.schema.SchemaBootstrap] [localhost-startStop-1] Ignoring script patch (post-Hibernate): patch.db-V5.2-remove-jbpm-tables-from-db
2022-02-14 09:40:01,187 INFO  [org.alfresco.repo.admin] [localhost-startStop-1] Using database URL 'jdbc:postgresql://postgres:5432/alfresco' with user 'alfresco'.
2022-02-14 09:40:01,188 INFO  [org.alfresco.repo.admin] [localhost-startStop-1] Connected to database PostgreSQL version 11.4 (Debian 11.4-1.pgdg90+1)
2022-02-14 09:40:06,720 INFO  [org.alfresco.repo.management.subsystems.ChildApplicationContextFactory] [localhost-startStop-1] Starting 'Authentication' subsystem, ID: [Authentication, managed, alfrescoNtlm1]
2022-02-14 09:40:06,792 INFO  [org.alfresco.repo.management.subsystems.ChildApplicationContextFactory] [localhost-startStop-1] Startup of 'Authentication' subsystem, ID: [Authentication, managed, alfrescoNtlm1] complete
2022-02-14 09:40:08,604 INFO  [org.orderofthebee.addons.support.tools.repo.config.PropertyBackedBeanPersister] [localhost-startStop-1] OOTBee Support Tools - PropertyBackedBeanPersister enabled
2022-02-14 09:40:09,526 INFO  [org.springframework.extensions.webscripts.TemplateProcessorRegistry] [localhost-startStop-1] Registered template processor Repository Template Processor for extension ftl
2022-02-14 09:40:09,531 INFO  [org.springframework.extensions.webscripts.ScriptProcessorRegistry] [localhost-startStop-1] Registered script processor Repository Script Processor for extension js
2022-02-14 09:40:11,887 INFO  [org.alfresco.repo.management.subsystems.ChildApplicationContextFactory] [localhost-startStop-1] Starting 'ContentStore' subsystem, ID: [ContentStore, managed, unencrypted]
2022-02-14 09:40:11,931 INFO  [org.alfresco.repo.management.subsystems.ChildApplicationContextFactory] [localhost-startStop-1] Startup of 'ContentStore' subsystem, ID: [ContentStore, managed, unencrypted] complete
2022-02-14 09:40:11,966 INFO  [org.alfresco.repo.domain.schema.SchemaBootstrap] [localhost-startStop-1] Connecting to database: jdbc:postgresql://postgres:5432/alfresco, UserName=alfresco, PostgreSQL JDBC Driver
2022-02-14 09:40:11,967 INFO  [org.alfresco.repo.domain.schema.SchemaBootstrap] [localhost-startStop-1] Schema managed by database dialect org.alfresco.repo.domain.dialect.PostgreSQLDialect.
2022-02-14 09:40:12,080 INFO  [org.alfresco.repo.domain.schema.SchemaBootstrap] [localhost-startStop-1] Applied patches detected: 224
2022-02-14 09:40:12,138 INFO  [org.alfresco.repo.domain.schema.SchemaBootstrap] [localhost-startStop-1] Checking and patching Alfresco tables took 57 ms
2022-02-14 09:40:12,148 INFO  [org.alfresco.repo.domain.schema.SchemaBootstrap] [localhost-startStop-1] Activiti tables need to be checked for patches
2022-02-14 09:40:12,179 INFO  [org.alfresco.repo.domain.schema.SchemaBootstrap] [localhost-startStop-1] Checking and patching Activiti tables took 31 ms
2022-02-14 09:40:12,212 INFO  [org.alfresco.repo.domain.schema.SchemaBootstrap] [localhost-startStop-1] Checking that all patches have been applied took 33 ms
2022-02-14 09:40:12,213 INFO  [org.alfresco.repo.domain.schema.SchemaBootstrap] [localhost-startStop-1] Updating the DB schema took 244 ms
2022-02-14 09:40:12,214 INFO  [org.alfresco.repo.domain.schema.SchemaBootstrap] [localhost-startStop-1] No changes were made to the schema.
2022-02-14 09:40:13,377 INFO  [org.alfresco.repo.management.subsystems.ChildApplicationContextFactory] [localhost-startStop-1] Starting 'thirdparty' subsystem, ID: [thirdparty, default]
2022-02-14 09:40:13,456 INFO  [org.alfresco.repo.management.subsystems.ChildApplicationContextFactory] [localhost-startStop-1] Startup of 'thirdparty' subsystem, ID: [thirdparty, default] complete
2022-02-14 09:40:13,456 INFO  [org.alfresco.repo.management.subsystems.ChildApplicationContextFactory] [localhost-startStop-1] Starting 'OOoJodconverter' subsystem, ID: [OOoJodconverter, default]
2022-02-14 09:40:13,525 INFO  [org.alfresco.repo.management.subsystems.ChildApplicationContextFactory] [localhost-startStop-1] Startup of 'OOoJodconverter' subsystem, ID: [OOoJodconverter, default] complete
2022-02-14 09:40:13,530 WARN  [org.alfresco.repo.admin.ConfigurationChecker] [localhost-startStop-1] The 'dir.root' property is set to a relative path './alf_data'.  'dir.root' should be overridden to point to a specific folder.
2022-02-14 09:40:13,530 INFO  [org.alfresco.repo.admin.ConfigurationChecker] [localhost-startStop-1] The root data directory ('dir.root') is: ./alf_data
2022-02-14 09:40:13,563 INFO  [org.alfresco.repo.admin.patch.PatchExecuter] [localhost-startStop-1] Checking for patches to apply ...
2022-02-14 09:40:13,911 INFO  [org.alfresco.repo.admin.patch.PatchExecuter] [localhost-startStop-1] No patches were required.
2022-02-14 09:40:13,944 INFO  [org.alfresco.repo.module.ModuleServiceImpl] [localhost-startStop-1] Found 10 module package(s).
2022-02-14 09:40:14,027 INFO  [org.alfresco.repo.module.ModuleServiceImpl] [localhost-startStop-1] Starting module 'alfresco-aos-module' version 1.3.0.
2022-02-14 09:40:14,047 INFO  [org.alfresco.repo.module.ModuleServiceImpl] [localhost-startStop-1] Starting module 'ootbee-support-tools-repo' version 1.1.0.0.9999999999.
2022-02-14 09:40:14,063 INFO  [org.alfresco.repo.module.ModuleServiceImpl] [localhost-startStop-1] Starting module 'org.alfresco.integrations.google.docs' version 3.1.0.
2022-02-14 09:40:14,079 INFO  [org.alfresco.repo.module.ModuleServiceImpl] [localhost-startStop-1] Starting module 'de.fme.alfresco.JavascriptConsole-repo' version 0.7.2110071038.
2022-02-14 09:40:14,103 INFO  [org.alfresco.repo.module.ModuleServiceImpl] [localhost-startStop-1] Starting module 'simple-ocr-repo' version 2.3.1.
2022-02-14 09:40:14,116 INFO  [org.alfresco.repo.module.ModuleServiceImpl] [localhost-startStop-1] Starting module 'share-site-creators-repo' version 0.0.8-SNAPSHOT.
2022-02-14 09:40:14,130 INFO  [org.alfresco.repo.module.ModuleServiceImpl] [localhost-startStop-1] Starting module 'embed-metadata-action' version 1.0.0.
2022-02-14 09:40:14,145 INFO  [org.alfresco.repo.module.ModuleServiceImpl] [localhost-startStop-1] Starting module 'alfresco-share-services' version 6.2.0.
2022-02-14 09:40:14,158 INFO  [org.alfresco.repo.module.ModuleServiceImpl] [localhost-startStop-1] Starting module 'esign-cert-repo' version 1.8.2.
2022-02-14 09:40:14,171 INFO  [org.alfresco.repo.module.ModuleServiceImpl] [localhost-startStop-1] Starting module 'alfresco-trashcan-cleaner' version 2.3.
2022-02-14 09:40:14,179 INFO  [org.alfresco.repo.management.subsystems.ChildApplicationContextFactory] [localhost-startStop-1] Starting 'fileServers' subsystem, ID: [fileServers, default]
2022-02-14 09:40:14,536 INFO  [org.alfresco.repo.management.subsystems.ChildApplicationContextFactory] [localhost-startStop-1] Startup of 'fileServers' subsystem, ID: [fileServers, default] complete
2022-02-14 09:40:14,537 INFO  [org.alfresco.repo.management.subsystems.ChildApplicationContextFactory] [localhost-startStop-1] Starting 'imap' subsystem, ID: [imap, default]
2022-02-14 09:40:14,635 INFO  [org.alfresco.repo.management.subsystems.ChildApplicationContextFactory] [localhost-startStop-1] Startup of 'imap' subsystem, ID: [imap, default] complete
2022-02-14 09:40:14,636 INFO  [org.alfresco.repo.management.subsystems.ChildApplicationContextFactory] [localhost-startStop-1] Starting 'email' subsystem, ID: [email, outbound]
2022-02-14 09:40:14,863 INFO  [org.alfresco.repo.management.subsystems.ChildApplicationContextFactory] [localhost-startStop-1] Startup of 'email' subsystem, ID: [email, outbound] complete
2022-02-14 09:40:14,864 INFO  [org.alfresco.repo.management.subsystems.ChildApplicationContextFactory] [localhost-startStop-1] Starting 'email' subsystem, ID: [email, inbound]
2022-02-14 09:40:14,919 INFO  [org.alfresco.repo.management.subsystems.ChildApplicationContextFactory] [localhost-startStop-1] Startup of 'email' subsystem, ID: [email, inbound] complete
2022-02-14 09:40:14,920 INFO  [org.alfresco.repo.management.subsystems.ChildApplicationContextFactory] [localhost-startStop-1] Starting 'Subscriptions' subsystem, ID: [Subscriptions, default]
2022-02-14 09:40:14,943 INFO  [org.alfresco.repo.management.subsystems.ChildApplicationContextFactory] [localhost-startStop-1] Startup of 'Subscriptions' subsystem, ID: [Subscriptions, default] complete
2022-02-14 09:40:14,978 INFO  [org.alfresco.repo.management.subsystems.ChildApplicationContextFactory] [localhost-startStop-1] Starting 'Synchronization' subsystem, ID: [Synchronization, default]
2022-02-14 09:40:15,037 INFO  [org.alfresco.repo.management.subsystems.ChildApplicationContextFactory] [localhost-startStop-1] Starting 'sysAdmin' subsystem, ID: [sysAdmin, default]
2022-02-14 09:40:15,059 INFO  [org.alfresco.repo.management.subsystems.ChildApplicationContextFactory] [localhost-startStop-1] Startup of 'sysAdmin' subsystem, ID: [sysAdmin, default] complete
2022-02-14 09:40:15,176 INFO  [org.alfresco.repo.management.subsystems.ChildApplicationContextFactory] [localhost-startStop-1] Startup of 'Synchronization' subsystem, ID: [Synchronization, default] complete
2022-02-14 09:40:15,207 INFO  [org.alfresco.service.descriptor.DescriptorService] [localhost-startStop-1] Alfresco JVM - v11.0.1+13; maximum heap size 5952.000MB
2022-02-14 09:40:15,207 INFO  [org.alfresco.service.descriptor.DescriptorService] [localhost-startStop-1] Server Mode :UNKNOWN
2022-02-14 09:40:15,212 INFO  [org.alfresco.service.descriptor.DescriptorService] [localhost-startStop-1] Alfresco Content Services started (Community). Current version: 6.2.0 (rb65251d6-b368) schema 13,001. Originally installed version: 6.2.0 (rb65251d6-b368) schema 13,001.
2022-02-14 09:40:15,238 INFO  [org.alfresco.repo.management.subsystems.ChildApplicationContextFactory] [localhost-startStop-1] Starting 'ActivitiesFeed' subsystem, ID: [ActivitiesFeed, default]
2022-02-14 09:40:15,553 INFO  [org.alfresco.repo.management.subsystems.ChildApplicationContextFactory] [localhost-startStop-1] Startup of 'ActivitiesFeed' subsystem, ID: [ActivitiesFeed, default] complete
2022-02-14 09:40:15,554 INFO  [org.alfresco.repo.management.subsystems.ChildApplicationContextFactory] [localhost-startStop-1] Starting 'Replication' subsystem, ID: [Replication, default]
2022-02-14 09:40:15,567 INFO  [org.alfresco.repo.management.subsystems.ChildApplicationContextFactory] [localhost-startStop-1] Startup of 'Replication' subsystem, ID: [Replication, default] complete
2022-02-14 09:40:16,858 INFO  [org.alfresco.repo.management.subsystems.ChildApplicationContextFactory] [localhost-startStop-1] Starting 'Messaging' subsystem, ID: [Messaging, default]
2022-02-14 09:40:19,436 INFO  [org.alfresco.repo.management.subsystems.ChildApplicationContextFactory] [localhost-startStop-1] Startup of 'Messaging' subsystem, ID: [Messaging, default] complete
2022-02-14 09:40:19,442 INFO  [org.alfresco.repo.management.subsystems.ChildApplicationContextFactory] [localhost-startStop-1] Starting 'googledocs' subsystem, ID: [googledocs, drive]
2022-02-14 09:40:19,596 INFO  [org.alfresco.repo.management.subsystems.ChildApplicationContextFactory] [localhost-startStop-1] Startup of 'googledocs' subsystem, ID: [googledocs, drive] complete
2022-02-14 09:40:25,230 INFO  [org.springframework.extensions.webscripts.DeclarativeRegistry] [asynchronouslyRefreshedCacheThreadPool1] Registered 443 Web Scripts (+0 failed), 596 URLs
2022-02-14 09:40:25,247 INFO  [org.springframework.extensions.webscripts.DeclarativeRegistry] [asynchronouslyRefreshedCacheThreadPool1] Registered 1 Package Description Documents (+0 failed) 
2022-02-14 09:40:25,247 INFO  [org.springframework.extensions.webscripts.DeclarativeRegistry] [asynchronouslyRefreshedCacheThreadPool1] Registered 0 Schema Description Documents (+0 failed) 
2022-02-14 09:40:26,285 INFO  [org.springframework.extensions.webscripts.DeclarativeRegistry] [localhost-startStop-1] Registered 443 Web Scripts (+0 failed), 596 URLs
2022-02-14 09:40:26,286 INFO  [org.springframework.extensions.webscripts.DeclarativeRegistry] [localhost-startStop-1] Registered 1 Package Description Documents (+0 failed) 
2022-02-14 09:40:26,286 INFO  [org.springframework.extensions.webscripts.DeclarativeRegistry] [localhost-startStop-1] Registered 0 Schema Description Documents (+0 failed) 
2022-02-14 09:40:26,296 INFO  [org.springframework.extensions.webscripts.AbstractRuntimeContainer] [localhost-startStop-1] Initialised Repository Web Script Container (in 6459.087ms)
2022-02-14 09:40:26,321 INFO  [org.springframework.extensions.webscripts.TemplateProcessorRegistry] [localhost-startStop-1] Registered template processor freemarker for extension ftl
2022-02-14 09:40:26,325 INFO  [org.springframework.extensions.webscripts.ScriptProcessorRegistry] [localhost-startStop-1] Registered script processor javascript for extension js
2022-02-14 09:40:27,914 INFO  [org.springframework.extensions.webscripts.DeclarativeRegistry] [asynchronouslyRefreshedCacheThreadPool1] Registered 443 Web Scripts (+0 failed), 596 URLs
2022-02-14 09:40:27,914 INFO  [org.springframework.extensions.webscripts.DeclarativeRegistry] [asynchronouslyRefreshedCacheThreadPool1] Registered 1 Package Description Documents (+0 failed) 
2022-02-14 09:40:27,914 INFO  [org.springframework.extensions.webscripts.DeclarativeRegistry] [asynchronouslyRefreshedCacheThreadPool1] Registered 0 Schema Description Documents (+0 failed) 
2022-02-14 09:40:28,070 INFO  [org.springframework.extensions.webscripts.DeclarativeRegistry] [asynchronouslyRefreshedCacheThreadPool1] Registered 14 Web Scripts (+0 failed), 103 URLs
2022-02-14 09:40:28,071 INFO  [org.springframework.extensions.webscripts.DeclarativeRegistry] [asynchronouslyRefreshedCacheThreadPool1] Registered 0 Package Description Documents (+0 failed) 
2022-02-14 09:40:28,071 INFO  [org.springframework.extensions.webscripts.DeclarativeRegistry] [asynchronouslyRefreshedCacheThreadPool1] Registered 0 Schema Description Documents (+0 failed) 
2022-02-14 09:40:28,208 INFO  [org.springframework.extensions.webscripts.DeclarativeRegistry] [localhost-startStop-1] Registered 14 Web Scripts (+0 failed), 103 URLs
2022-02-14 09:40:28,208 INFO  [org.springframework.extensions.webscripts.DeclarativeRegistry] [localhost-startStop-1] Registered 0 Package Description Documents (+0 failed) 
2022-02-14 09:40:28,208 INFO  [org.springframework.extensions.webscripts.DeclarativeRegistry] [localhost-startStop-1] Registered 0 Schema Description Documents (+0 failed) 
2022-02-14 09:40:28,211 INFO  [org.springframework.extensions.webscripts.AbstractRuntimeContainer] [localhost-startStop-1] Initialised Public Api Web Script Container (in 1871.943ms)
2022-02-14 09:40:28,238 INFO  [org.springframework.extensions.webscripts.DeclarativeRegistry] [asynchronouslyRefreshedCacheThreadPool1] Registered 14 Web Scripts (+0 failed), 103 URLs
2022-02-14 09:40:28,238 INFO  [org.springframework.extensions.webscripts.DeclarativeRegistry] [asynchronouslyRefreshedCacheThreadPool1] Registered 0 Package Description Documents (+0 failed) 
2022-02-14 09:40:28,239 INFO  [org.springframework.extensions.webscripts.DeclarativeRegistry] [asynchronouslyRefreshedCacheThreadPool1] Registered 0 Schema Description Documents (+0 failed) 
2022-02-14 09:40:28,372 WARN  [org.alfresco.web.scripts.servlet.X509ServletFilterBase] [localhost-startStop-1] clientAuth does not appear to be set for Tomcat. clientAuth must be set to 'want' for X509 Authentication
2022-02-14 09:40:28,373 WARN  [org.alfresco.web.scripts.servlet.X509ServletFilterBase] [localhost-startStop-1] Attempting to set clientAuth=want through JMX...
2022-02-14 09:40:28,384 WARN  [org.alfresco.web.scripts.servlet.X509ServletFilterBase] [localhost-startStop-1] Unable to set clientAuth=want through JMX.
2022-02-14 09:40:31,700 INFO  [org.alfresco.repo.management.subsystems.ChildApplicationContextFactory] [http-nio-8080-exec-1] Starting 'Search' subsystem, ID: [Search, managed, solr6]
2022-02-14 09:40:32,044 INFO  [org.alfresco.repo.management.subsystems.ChildApplicationContextFactory] [http-nio-8080-exec-1] Startup of 'Search' subsystem, ID: [Search, managed, solr6] complete
